h_safari/android/app/build/intermediates/manifest_merge_blame_file/release/manifest-merger-blame-release-report.txt
1<?xml version="1.0" encoding="utf-8"?>
2<manifest xmlns:android="http://schemas.android.com/apk/res/android"
3    package="com.CRA.hSafari"
4    android:versionCode="6"
5    android:versionName="1.0.1" >
6
7    <uses-sdk
8        android:minSdkVersion="21"
8-->src/main/AndroidManifest.xml
9        android:targetSdkVersion="30" />
9-->src/main/AndroidManifest.xml
10
11    <uses-permission android:name="android.permission.INTERNET" />
11-->src/main/AndroidManifest.xml:49:5-67
11-->src/main/AndroidManifest.xml:49:22-64
12    <uses-permission android:name="android.permission.WAKE_LOCK" />
12-->src/main/AndroidManifest.xml:50:5-68
12-->src/main/AndroidManifest.xml:50:22-65
13    <uses-permission android:name="android.permission.CAMERA" />
13-->src/main/AndroidManifest.xml:51:5-65
13-->src/main/AndroidManifest.xml:51:22-62
14    <uses-permission android:name="android.permission.READ_EXTERNAL_STORAGE" />
14-->src/main/AndroidManifest.xml:52:5-80
14-->src/main/AndroidManifest.xml:52:22-77
15    <uses-permission android:name="android.permission.WRITE_EXTERNAL_STORAGE" />
15-->src/main/AndroidManifest.xml:53:5-81
15-->src/main/AndroidManifest.xml:53:22-78
16    <uses-permission android:name="android.permission.ACCESS_NETWORK_STATE" />
16-->[:firebase_analytics] AndroidManifest.xml:7:5-79
16-->[:firebase_analytics] AndroidManifest.xml:7:22-76
17    <uses-permission android:name="android.permission.RECORD_AUDIO" />
17-->[:camera] AndroidManifest.xml:8:5-71
17-->[:camera] AndroidManifest.xml:8:22-68
18    <uses-permission android:name="com.google.android.finsky.permission.BIND_GET_INSTALL_REFERRER_SERVICE" /> <!-- Required by older versions of Google Play services to create IID tokens -->
18-->[com.google.android.gms:play-services-measurement:17.5.0] AndroidManifest.xml:26:5-110
18-->[com.google.android.gms:play-services-measurement:17.5.0] AndroidManifest.xml:26:22-107
19    <uses-permission android:name="com.google.android.c2dm.permission.RECEIVE" />
19-->[com.google.firebase:firebase-iid:20.0.1] AndroidManifest.xml:26:5-82
19-->[com.google.firebase:firebase-iid:20.0.1] AndroidManifest.xml:26:22-79
20    <!--
21 io.flutter.app.FlutterApplication is an android.app.Application that
22         calls FlutterMain.startInitialization(this); in its onCreate method.
23         In most cases you can leave this as-is, but you if you want to provide
24         additional functionality it is fine to subclass or reimplement
25         FlutterApplication and put your custom class here.
26    -->
27    <application
27-->src/main/AndroidManifest.xml:8:5-48:19
28        android:name="io.flutter.app.FlutterApplication"
28-->src/main/AndroidManifest.xml:9:9-57
29        android:appComponentFactory="androidx.core.app.CoreComponentFactory"
29-->[androidx.core:core:1.1.0] AndroidManifest.xml:24:18-86
30        android:icon="@mipmap/ic_launcher"
30-->src/main/AndroidManifest.xml:11:9-43
31        android:label="H-Safari" >
31-->src/main/AndroidManifest.xml:10:9-33
32        <activity
32-->src/main/AndroidManifest.xml:12:9-42:20
33            android:name="com.CRA.hSafari.MainActivity"
33-->src/main/AndroidManifest.xml:13:13-41
34            android:configChanges="orientation|keyboardHidden|keyboard|screenSize|smallestScreenSize|locale|layoutDirection|fontScale|screenLayout|density|uiMode"
34-->src/main/AndroidManifest.xml:14:13-163
35            android:hardwareAccelerated="true"
35-->src/main/AndroidManifest.xml:15:13-47
36            android:launchMode="singleTop"
36-->src/main/AndroidManifest.xml:16:13-43
37            android:theme="@style/LaunchTheme"
37-->src/main/AndroidManifest.xml:17:13-47
38            android:windowSoftInputMode="adjustResize" >
38-->src/main/AndroidManifest.xml:18:13-55
39
40            <!--
41                 Specifies an Android theme to apply to this Activity as soon as
42                 the Android process has started. This theme is visible to the user
43                 while the Flutter UI initializes. After that, this theme continues
44                 to determine the Window background behind the Flutter UI.
45            -->
46            <meta-data
46-->src/main/AndroidManifest.xml:23:13-26:17
47                android:name="io.flutter.embedding.android.NormalTheme"
47-->src/main/AndroidManifest.xml:24:15-70
48                android:resource="@style/NormalTheme" />
48-->src/main/AndroidManifest.xml:25:15-52
49            <!--
50                 Displays an Android View that continues showing the launch screen
51                 Drawable until Flutter paints its first frame, then this splash
52                 screen fades out. A splash screen is useful to avoid any visual
53                 gap between the end of Android's launch screen and the painting of
54                 Flutter's first frame.
55            -->
56            <meta-data
56-->src/main/AndroidManifest.xml:32:13-35:17
57                android:name="io.flutter.embedding.android.SplashScreenDrawable"
57-->src/main/AndroidManifest.xml:33:15-79
58                android:resource="@drawable/launch_background" />
58-->src/main/AndroidManifest.xml:34:15-61
59
60            <intent-filter>
60-->src/main/AndroidManifest.xml:36:13-41:29
61                <action android:name="android.intent.action.MAIN" />
61-->src/main/AndroidManifest.xml:37:17-68
61-->src/main/AndroidManifest.xml:37:25-66
62
63                <category android:name="android.intent.category.LAUNCHER" />
63-->src/main/AndroidManifest.xml:38:17-76
63-->src/main/AndroidManifest.xml:38:27-74
64
65                <action android:name="FLUTTER_NOTIFICATION_CLICK" />
65-->src/main/AndroidManifest.xml:39:17-69
65-->src/main/AndroidManifest.xml:39:25-66
66
67                <category android:name="android.intent.category.DEFAULT" />
67-->src/main/AndroidManifest.xml:40:17-76
67-->src/main/AndroidManifest.xml:40:27-73
68            </intent-filter>
69        </activity>
70        <!--
71             Don't delete the meta-data below.
72             This is used by the Flutter tool to generate GeneratedPluginRegistrant.java
73        -->
74        <meta-data
74-->src/main/AndroidManifest.xml:45:9-47:33
75            android:name="flutterEmbedding"
75-->src/main/AndroidManifest.xml:46:13-44
76            android:value="2" />
76-->src/main/AndroidManifest.xml:47:13-30
77
78        <provider
78-->[:flutter_email_sender] AndroidManifest.xml:8:9-16:20
79            android:name="com.sidlatau.flutteremailsender.FlutterEmailSenderFileProvider"
79-->[:flutter_email_sender] AndroidManifest.xml:9:13-90
80            android:authorities="com.CRA.hSafari.file_provider"
80-->[:flutter_email_sender] AndroidManifest.xml:10:13-65
81            android:exported="false"
81-->[:flutter_email_sender] AndroidManifest.xml:11:13-37
82            android:grantUriPermissions="true" >
82-->[:flutter_email_sender] AndroidManifest.xml:12:13-47
83            <meta-data
83-->[:flutter_email_sender] AndroidManifest.xml:13:13-15:61
84                android:name="android.support.FILE_PROVIDER_PATHS"
84-->[:flutter_email_sender] AndroidManifest.xml:14:17-67
85                android:resource="@xml/shared_file_paths" />
85-->[:flutter_email_sender] AndroidManifest.xml:15:17-58
86        </provider>
87
88        <service
88-->[:firebase_analytics] AndroidManifest.xml:12:9-16:19
89            android:name="com.google.firebase.components.ComponentDiscoveryService"
89-->[:firebase_analytics] AndroidManifest.xml:12:18-89
90            android:directBootAware="true"
90-->[com.google.firebase:firebase-common:19.3.0] AndroidManifest.xml:34:13-43
91            android:exported="false" >
91-->[com.google.firebase:firebase-firestore:21.3.0] AndroidManifest.xml:19:13-37
92            <meta-data
92-->[:firebase_analytics] AndroidManifest.xml:13:13-15:85
93                android:name="com.google.firebase.components:io.flutter.plugins.firebaseanalytics.FlutterFirebaseAppRegistrar"
93-->[:firebase_analytics] AndroidManifest.xml:14:17-127
94                android:value="com.google.firebase.components.ComponentRegistrar" />
94-->[:firebase_analytics] AndroidManifest.xml:15:17-82
95            <meta-data
95-->[:cloud_firestore] AndroidManifest.xml:9:13-11:85
96                android:name="com.google.firebase.components:io.flutter.plugins.firebase.cloudfirestore.FlutterFirebaseAppRegistrar"
96-->[:cloud_firestore] AndroidManifest.xml:10:17-133
97                android:value="com.google.firebase.components.ComponentRegistrar" />
97-->[:cloud_firestore] AndroidManifest.xml:11:17-82
98            <meta-data
98-->[:firebase_auth] AndroidManifest.xml:9:13-11:85
99                android:name="com.google.firebase.components:io.flutter.plugins.firebaseauth.FlutterFirebaseAppRegistrar"
99-->[:firebase_auth] AndroidManifest.xml:10:17-122
100                android:value="com.google.firebase.components.ComponentRegistrar" />
100-->[:firebase_auth] AndroidManifest.xml:11:17-82
101            <meta-data
101-->[:cloud_functions] AndroidManifest.xml:9:13-11:85
102                android:name="com.google.firebase.components:io.flutter.plugins.firebase.cloudfunctions.FlutterFirebaseAppRegistrar"
102-->[:cloud_functions] AndroidManifest.xml:10:17-133
103                android:value="com.google.firebase.components.ComponentRegistrar" />
103-->[:cloud_functions] AndroidManifest.xml:11:17-82
104            <meta-data
104-->[:firebase_storage] AndroidManifest.xml:9:13-11:85
105                android:name="com.google.firebase.components:io.flutter.plugins.firebase.storage.FlutterFirebaseAppRegistrar"
105-->[:firebase_storage] AndroidManifest.xml:10:17-126
106                android:value="com.google.firebase.components.ComponentRegistrar" />
106-->[:firebase_storage] AndroidManifest.xml:11:17-82
107            <meta-data
107-->[:firebase_messaging] AndroidManifest.xml:14:13-16:85
108                android:name="com.google.firebase.components:io.flutter.plugins.firebasemessaging.FlutterFirebaseAppRegistrar"
108-->[:firebase_messaging] AndroidManifest.xml:15:17-127
109                android:value="com.google.firebase.components.ComponentRegistrar" />
109-->[:firebase_messaging] AndroidManifest.xml:16:17-82
110            <meta-data
110-->[:firebase_core] AndroidManifest.xml:9:13-11:85
111                android:name="com.google.firebase.components:io.flutter.plugins.firebase.core.FlutterFirebaseAppRegistrar"
111-->[:firebase_core] AndroidManifest.xml:10:17-123
112                android:value="com.google.firebase.components.ComponentRegistrar" />
112-->[:firebase_core] AndroidManifest.xml:11:17-82
113            <meta-data
113-->[com.google.firebase:firebase-firestore:21.3.0] AndroidManifest.xml:20:13-22:85
114                android:name="com.google.firebase.components:com.google.firebase.firestore.FirestoreRegistrar"
114-->[com.google.firebase:firebase-firestore:21.3.0] AndroidManifest.xml:21:17-111
115                android:value="com.google.firebase.components.ComponentRegistrar" />
115-->[com.google.firebase:firebase-firestore:21.3.0] AndroidManifest.xml:22:17-82
116            <meta-data
116-->[com.google.firebase:firebase-auth:19.2.0] AndroidManifest.xml:36:13-38:85
117                android:name="com.google.firebase.components:com.google.firebase.auth.FirebaseAuthRegistrar"
117-->[com.google.firebase:firebase-auth:19.2.0] AndroidManifest.xml:37:17-109
118                android:value="com.google.firebase.components.ComponentRegistrar" />
118-->[com.google.firebase:firebase-auth:19.2.0] AndroidManifest.xml:38:17-82
119            <meta-data
119-->[com.google.android.gms:play-services-measurement-api:17.5.0] AndroidManifest.xml:30:13-32:85
120                android:name="com.google.firebase.components:com.google.firebase.analytics.connector.internal.AnalyticsConnectorRegistrar"
120-->[com.google.android.gms:play-services-measurement-api:17.5.0] AndroidManifest.xml:31:17-139
121                android:value="com.google.firebase.components.ComponentRegistrar" />
121-->[com.google.android.gms:play-services-measurement-api:17.5.0] AndroidManifest.xml:32:17-82
122            <meta-data
122-->[com.google.firebase:firebase-functions:17.0.0] AndroidManifest.xml:16:13-18:85
123                android:name="com.google.firebase.components:com.google.firebase.functions.FunctionsRegistrar"
123-->[com.google.firebase:firebase-functions:17.0.0] AndroidManifest.xml:17:17-111
124                android:value="com.google.firebase.components.ComponentRegistrar" />
124-->[com.google.firebase:firebase-functions:17.0.0] AndroidManifest.xml:18:17-82
125            <meta-data
125-->[com.google.firebase:firebase-storage:17.0.0] AndroidManifest.xml:31:13-33:85
126                android:name="com.google.firebase.components:com.google.firebase.storage.StorageRegistrar"
126-->[com.google.firebase:firebase-storage:17.0.0] AndroidManifest.xml:32:17-107
127                android:value="com.google.firebase.components.ComponentRegistrar" />
127-->[com.google.firebase:firebase-storage:17.0.0] AndroidManifest.xml:33:17-82
128            <meta-data
128-->[com.google.firebase:firebase-installations:16.3.2] AndroidManifest.xml:17:13-19:85
129                android:name="com.google.firebase.components:com.google.firebase.installations.FirebaseInstallationsRegistrar"
129-->[com.google.firebase:firebase-installations:16.3.2] AndroidManifest.xml:18:17-127
130                android:value="com.google.firebase.components.ComponentRegistrar" />
130-->[com.google.firebase:firebase-installations:16.3.2] AndroidManifest.xml:19:17-82
131            <meta-data
131-->[com.google.firebase:firebase-iid:20.0.1] AndroidManifest.xml:32:13-34:85
132                android:name="com.google.firebase.components:com.google.firebase.iid.Registrar"
132-->[com.google.firebase:firebase-iid:20.0.1] AndroidManifest.xml:33:17-96
133                android:value="com.google.firebase.components.ComponentRegistrar" />
133-->[com.google.firebase:firebase-iid:20.0.1] AndroidManifest.xml:34:17-82
134        </service>
135
136        <provider
136-->[:image_picker] AndroidManifest.xml:11:9-19:20
137            android:name="io.flutter.plugins.imagepicker.ImagePickerFileProvider"
137-->[:image_picker] AndroidManifest.xml:12:13-82
138            android:authorities="com.CRA.hSafari.flutter.image_provider"
138-->[:image_picker] AndroidManifest.xml:13:13-74
139            android:exported="false"
139-->[:image_picker] AndroidManifest.xml:14:13-37
140            android:grantUriPermissions="true" >
140-->[:image_picker] AndroidManifest.xml:15:13-47
141            <meta-data
141-->[:flutter_email_sender] AndroidManifest.xml:13:13-15:61
142                android:name="android.support.FILE_PROVIDER_PATHS"
142-->[:flutter_email_sender] AndroidManifest.xml:14:17-67
143                android:resource="@xml/flutter_image_picker_file_paths" />
143-->[:flutter_email_sender] AndroidManifest.xml:15:17-58
144        </provider>
145
146        <service android:name="io.flutter.plugins.firebasemessaging.FlutterFirebaseMessagingService" >
146-->[:firebase_messaging] AndroidManifest.xml:8:9-12:19
146-->[:firebase_messaging] AndroidManifest.xml:8:18-101
147            <intent-filter>
147-->[:firebase_messaging] AndroidManifest.xml:9:13-11:29
148                <action android:name="com.google.firebase.MESSAGING_EVENT" />
148-->[:firebase_messaging] AndroidManifest.xml:10:17-78
148-->[:firebase_messaging] AndroidManifest.xml:10:25-75
149            </intent-filter>
150        </service>
151        <!--
152             FirebaseMessagingService performs security checks at runtime,
153             but set to not exported to explicitly avoid allowing another app to call it.
154        -->
155        <service
155-->[com.google.firebase:firebase-messaging:20.0.1] AndroidManifest.xml:28:9-34:19
156            android:name="com.google.firebase.messaging.FirebaseMessagingService"
156-->[com.google.firebase:firebase-messaging:20.0.1] AndroidManifest.xml:29:13-82
157            android:exported="false" >
157-->[com.google.firebase:firebase-messaging:20.0.1] AndroidManifest.xml:30:13-37
158            <intent-filter android:priority="-500" >
158-->[:firebase_messaging] AndroidManifest.xml:9:13-11:29
159                <action android:name="com.google.firebase.MESSAGING_EVENT" />
159-->[:firebase_messaging] AndroidManifest.xml:10:17-78
159-->[:firebase_messaging] AndroidManifest.xml:10:25-75
160            </intent-filter>
161        </service>
162
163        <activity
163-->[com.google.firebase:firebase-auth:19.2.0] AndroidManifest.xml:24:9-31:50
164            android:name="com.google.firebase.auth.internal.FederatedSignInActivity"
164-->[com.google.firebase:firebase-auth:19.2.0] AndroidManifest.xml:25:13-85
165            android:excludeFromRecents="true"
165-->[com.google.firebase:firebase-auth:19.2.0] AndroidManifest.xml:26:13-46
166            android:exported="true"
166-->[com.google.firebase:firebase-auth:19.2.0] AndroidManifest.xml:27:13-36
167            android:launchMode="singleTask"
167-->[com.google.firebase:firebase-auth:19.2.0] AndroidManifest.xml:28:13-44
168            android:permission="com.google.firebase.auth.api.gms.permission.LAUNCH_FEDERATED_SIGN_IN"
168-->[com.google.firebase:firebase-auth:19.2.0] AndroidManifest.xml:29:13-102
169            android:theme="@android:style/Theme.Translucent.NoTitleBar" />
169-->[com.google.firebase:firebase-auth:19.2.0] AndroidManifest.xml:30:13-72
170
171        <receiver
171-->[com.google.android.gms:play-services-measurement:17.5.0] AndroidManifest.xml:29:9-33:20
172            android:name="com.google.android.gms.measurement.AppMeasurementReceiver"
172-->[com.google.android.gms:play-services-measurement:17.5.0] AndroidManifest.xml:30:13-85
173            android:enabled="true"
173-->[com.google.android.gms:play-services-measurement:17.5.0] AndroidManifest.xml:31:13-35
174            android:exported="false" >
174-->[com.google.android.gms:play-services-measurement:17.5.0] AndroidManifest.xml:32:13-37
175        </receiver>
176
177        <service
177-->[com.google.android.gms:play-services-measurement:17.5.0] AndroidManifest.xml:35:9-38:40
178            android:name="com.google.android.gms.measurement.AppMeasurementService"
178-->[com.google.android.gms:play-services-measurement:17.5.0] AndroidManifest.xml:36:13-84
179            android:enabled="true"
179-->[com.google.android.gms:play-services-measurement:17.5.0] AndroidManifest.xml:37:13-35
180            android:exported="false" />
180-->[com.google.android.gms:play-services-measurement:17.5.0] AndroidManifest.xml:38:13-37
181        <service
181-->[com.google.android.gms:play-services-measurement:17.5.0] AndroidManifest.xml:39:9-43:72
182            android:name="com.google.android.gms.measurement.AppMeasurementJobService"
182-->[com.google.android.gms:play-services-measurement:17.5.0] AndroidManifest.xml:40:13-87
183            android:enabled="true"
183-->[com.google.android.gms:play-services-measurement:17.5.0] AndroidManifest.xml:41:13-35
184            android:exported="false"
184-->[com.google.android.gms:play-services-measurement:17.5.0] AndroidManifest.xml:42:13-37
185            android:permission="android.permission.BIND_JOB_SERVICE" />
185-->[com.google.android.gms:play-services-measurement:17.5.0] AndroidManifest.xml:43:13-69
186
187        <receiver
187-->[com.google.firebase:firebase-iid:20.0.1] AndroidManifest.xml:37:9-44:20
188            android:name="com.google.firebase.iid.FirebaseInstanceIdReceiver"
188-->[com.google.firebase:firebase-iid:20.0.1] AndroidManifest.xml:38:13-78
189            android:exported="true"
189-->[com.google.firebase:firebase-iid:20.0.1] AndroidManifest.xml:39:13-36
190            android:permission="com.google.android.c2dm.permission.SEND" >
190-->[com.google.firebase:firebase-iid:20.0.1] AndroidManifest.xml:40:13-73
191            <intent-filter>
191-->[com.google.firebase:firebase-iid:20.0.1] AndroidManifest.xml:41:13-43:29
192                <action android:name="com.google.android.c2dm.intent.RECEIVE" />
192-->[com.google.firebase:firebase-iid:20.0.1] AndroidManifest.xml:42:17-81
192-->[com.google.firebase:firebase-iid:20.0.1] AndroidManifest.xml:42:25-78
193            </intent-filter>
194        </receiver>
195
196        <provider
196-->[com.google.firebase:firebase-common:19.3.0] AndroidManifest.xml:26:9-30:39
197            android:name="com.google.firebase.provider.FirebaseInitProvider"
197-->[com.google.firebase:firebase-common:19.3.0] AndroidManifest.xml:27:13-77
198            android:authorities="com.CRA.hSafari.firebaseinitprovider"
198-->[com.google.firebase:firebase-common:19.3.0] AndroidManifest.xml:28:13-72
199            android:exported="false"
199-->[com.google.firebase:firebase-common:19.3.0] AndroidManifest.xml:29:13-37
200            android:initOrder="100" />
200-->[com.google.firebase:firebase-common:19.3.0] AndroidManifest.xml:30:13-36
201
202        <activity
202-->[com.google.android.gms:play-services-auth:16.0.1] AndroidManifest.xml:23:9-27:75
203            android:name="com.google.android.gms.auth.api.signin.internal.SignInHubActivity"
203-->[com.google.android.gms:play-services-auth:16.0.1] AndroidManifest.xml:24:13-93
204            android:excludeFromRecents="true"
204-->[com.google.android.gms:play-services-auth:16.0.1] AndroidManifest.xml:25:13-46
205            android:exported="false"
205-->[com.google.android.gms:play-services-auth:16.0.1] AndroidManifest.xml:26:13-37
206            android:theme="@android:style/Theme.Translucent.NoTitleBar" />
206-->[com.google.android.gms:play-services-auth:16.0.1] AndroidManifest.xml:27:13-72
207        <!--
208            Service handling Google Sign-In user revocation. For apps that do not integrate with
209            Google Sign-In, this service will never be started.
210        -->
211        <service
211-->[com.google.android.gms:play-services-auth:16.0.1] AndroidManifest.xml:33:9-36:110
212            android:name="com.google.android.gms.auth.api.signin.RevocationBoundService"
212-->[com.google.android.gms:play-services-auth:16.0.1] AndroidManifest.xml:34:13-89
213            android:exported="true"
213-->[com.google.android.gms:play-services-auth:16.0.1] AndroidManifest.xml:35:13-36
214            android:permission="com.google.android.gms.auth.api.signin.permission.REVOCATION_NOTIFICATION" />
214-->[com.google.android.gms:play-services-auth:16.0.1] AndroidManifest.xml:36:13-107
215
216        <activity
216-->[com.google.android.gms:play-services-base:17.1.0] AndroidManifest.xml:23:9-26:75
217            android:name="com.google.android.gms.common.api.GoogleApiActivity"
217-->[com.google.android.gms:play-services-base:17.1.0] AndroidManifest.xml:24:13-79
218            android:exported="false"
218-->[com.google.android.gms:play-services-base:17.1.0] AndroidManifest.xml:25:13-37
219            android:theme="@android:style/Theme.Translucent.NoTitleBar" />
219-->[com.google.android.gms:play-services-base:17.1.0] AndroidManifest.xml:26:13-72
220
221        <meta-data
221-->[com.google.android.gms:play-services-basement:17.0.0] AndroidManifest.xml:23:9-25:69
222            android:name="com.google.android.gms.version"
222-->[com.google.android.gms:play-services-basement:17.0.0] AndroidManifest.xml:24:13-58
223            android:value="@integer/google_play_services_version" />
223-->[com.google.android.gms:play-services-basement:17.0.0] AndroidManifest.xml:25:13-66
224    </application>
225
226</manifest>